<?xml version="1.0" encoding="UTF-8"?>
<testsuite xmlns:xsi="http://www.w3.org/2001/XMLSchema-instance" xsi:noNamespaceSchemaLocation="https://maven.apache.org/surefire/maven-surefire-plugin/xsd/surefire-test-report.xsd" name="com.lsk.netdisk.auth.tests.EmailTest" time="0.013" tests="1" errors="1" skipped="0" failures="0">
  <properties>
    <property name="sun.desktop" value="windows"/>
    <property name="awt.toolkit" value="sun.awt.windows.WToolkit"/>
    <property name="file.encoding.pkg" value="sun.io"/>
    <property name="java.specification.version" value="1.8"/>
    <property name="sun.cpu.isalist" value="amd64"/>
    <property name="sun.jnu.encoding" value="GBK"/>
    <property name="java.class.path" value="D:\lsk\workspace\netdisk\auth\target\test-classes;D:\lsk\workspace\netdisk\auth\target\classes;D:\lsk\workspace\netdisk\commons\common-response\target\common-response-1.0-SNAPSHOT.jar;D:\mvnRepo\org\springframework\spring-aspects\5.2.3.RELEASE\spring-aspects-5.2.3.RELEASE.jar;D:\mvnRepo\org\springframework\spring-orm\5.2.3.RELEASE\spring-orm-5.2.3.RELEASE.jar;D:\mvnRepo\org\aspectj\aspectjrt\1.9.5\aspectjrt-1.9.5.jar;D:\mvnRepo\org\aspectj\aspectjweaver\1.9.5\aspectjweaver-1.9.5.jar;D:\mvnRepo\com\google\code\gson\gson\2.8.6\gson-2.8.6.jar;D:\lsk\workspace\netdisk\commons\common-redis\target\common-redis-1.0-SNAPSHOT.jar;D:\mvnRepo\redis\clients\jedis\3.1.0\jedis-3.1.0.jar;D:\mvnRepo\org\slf4j\slf4j-api\1.7.30\slf4j-api-1.7.30.jar;D:\mvnRepo\org\apache\commons\commons-pool2\2.7.0\commons-pool2-2.7.0.jar;D:\mvnRepo\org\springframework\boot\spring-boot-starter-mail\2.2.3.RELEASE\spring-boot-starter-mail-2.2.3.RELEASE.jar;D:\mvnRepo\org\springframework\boot\spring-boot-starter\2.2.3.RELEASE\spring-boot-starter-2.2.3.RELEASE.jar;D:\mvnRepo\org\springframework\boot\spring-boot\2.2.3.RELEASE\spring-boot-2.2.3.RELEASE.jar;D:\mvnRepo\org\springframework\boot\spring-boot-autoconfigure\2.2.3.RELEASE\spring-boot-autoconfigure-2.2.3.RELEASE.jar;D:\mvnRepo\org\springframework\boot\spring-boot-starter-logging\2.2.3.RELEASE\spring-boot-starter-logging-2.2.3.RELEASE.jar;D:\mvnRepo\ch\qos\logback\logback-classic\1.2.3\logback-classic-1.2.3.jar;D:\mvnRepo\ch\qos\logback\logback-core\1.2.3\logback-core-1.2.3.jar;D:\mvnRepo\org\apache\logging\log4j\log4j-to-slf4j\2.12.1\log4j-to-slf4j-2.12.1.jar;D:\mvnRepo\org\apache\logging\log4j\log4j-api\2.12.1\log4j-api-2.12.1.jar;D:\mvnRepo\org\slf4j\jul-to-slf4j\1.7.30\jul-to-slf4j-1.7.30.jar;D:\mvnRepo\jakarta\annotation\jakarta.annotation-api\1.3.5\jakarta.annotation-api-1.3.5.jar;D:\mvnRepo\org\yaml\snakeyaml\1.25\snakeyaml-1.25.jar;D:\mvnRepo\org\springframework\spring-context-support\5.2.3.RELEASE\spring-context-support-5.2.3.RELEASE.jar;D:\mvnRepo\org\springframework\spring-beans\5.2.3.RELEASE\spring-beans-5.2.3.RELEASE.jar;D:\mvnRepo\org\springframework\spring-context\5.2.3.RELEASE\spring-context-5.2.3.RELEASE.jar;D:\mvnRepo\com\sun\mail\jakarta.mail\1.6.4\jakarta.mail-1.6.4.jar;D:\mvnRepo\com\sun\activation\jakarta.activation\1.2.1\jakarta.activation-1.2.1.jar;D:\mvnRepo\mysql\mysql-connector-java\8.0.19\mysql-connector-java-8.0.19.jar;D:\mvnRepo\org\springframework\boot\spring-boot-starter-jdbc\2.2.3.RELEASE\spring-boot-starter-jdbc-2.2.3.RELEASE.jar;D:\mvnRepo\com\zaxxer\HikariCP\3.4.2\HikariCP-3.4.2.jar;D:\mvnRepo\org\springframework\spring-jdbc\5.2.3.RELEASE\spring-jdbc-5.2.3.RELEASE.jar;D:\mvnRepo\org\springframework\spring-tx\5.2.3.RELEASE\spring-tx-5.2.3.RELEASE.jar;D:\mvnRepo\org\mybatis\spring\boot\mybatis-spring-boot-starter\2.1.3\mybatis-spring-boot-starter-2.1.3.jar;D:\mvnRepo\org\mybatis\spring\boot\mybatis-spring-boot-autoconfigure\2.1.3\mybatis-spring-boot-autoconfigure-2.1.3.jar;D:\mvnRepo\org\mybatis\mybatis\3.5.5\mybatis-3.5.5.jar;D:\mvnRepo\org\mybatis\mybatis-spring\2.0.5\mybatis-spring-2.0.5.jar;D:\mvnRepo\org\springframework\boot\spring-boot-starter-web\2.2.3.RELEASE\spring-boot-starter-web-2.2.3.RELEASE.jar;D:\mvnRepo\org\springframework\boot\spring-boot-starter-json\2.2.3.RELEASE\spring-boot-starter-json-2.2.3.RELEASE.jar;D:\mvnRepo\com\fasterxml\jackson\core\jackson-databind\2.10.2\jackson-databind-2.10.2.jar;D:\mvnRepo\com\fasterxml\jackson\core\jackson-annotations\2.10.2\jackson-annotations-2.10.2.jar;D:\mvnRepo\com\fasterxml\jackson\datatype\jackson-datatype-jdk8\2.10.2\jackson-datatype-jdk8-2.10.2.jar;D:\mvnRepo\com\fasterxml\jackson\datatype\jackson-datatype-jsr310\2.10.2\jackson-datatype-jsr310-2.10.2.jar;D:\mvnRepo\com\fasterxml\jackson\module\jackson-module-parameter-names\2.10.2\jackson-module-parameter-names-2.10.2.jar;D:\mvnRepo\org\springframework\boot\spring-boot-starter-tomcat\2.2.3.RELEASE\spring-boot-starter-tomcat-2.2.3.RELEASE.jar;D:\mvnRepo\org\apache\tomcat\embed\tomcat-embed-core\9.0.30\tomcat-embed-core-9.0.30.jar;D:\mvnRepo\org\apache\tomcat\embed\tomcat-embed-el\9.0.30\tomcat-embed-el-9.0.30.jar;D:\mvnRepo\org\apache\tomcat\embed\tomcat-embed-websocket\9.0.30\tomcat-embed-websocket-9.0.30.jar;D:\mvnRepo\org\springframework\boot\spring-boot-starter-validation\2.2.3.RELEASE\spring-boot-starter-validation-2.2.3.RELEASE.jar;D:\mvnRepo\jakarta\validation\jakarta.validation-api\2.0.2\jakarta.validation-api-2.0.2.jar;D:\mvnRepo\org\hibernate\validator\hibernate-validator\6.0.18.Final\hibernate-validator-6.0.18.Final.jar;D:\mvnRepo\org\jboss\logging\jboss-logging\3.4.1.Final\jboss-logging-3.4.1.Final.jar;D:\mvnRepo\com\fasterxml\classmate\1.5.1\classmate-1.5.1.jar;D:\mvnRepo\org\springframework\spring-web\5.2.3.RELEASE\spring-web-5.2.3.RELEASE.jar;D:\mvnRepo\org\springframework\spring-webmvc\5.2.3.RELEASE\spring-webmvc-5.2.3.RELEASE.jar;D:\mvnRepo\org\springframework\spring-aop\5.2.3.RELEASE\spring-aop-5.2.3.RELEASE.jar;D:\mvnRepo\org\springframework\spring-expression\5.2.3.RELEASE\spring-expression-5.2.3.RELEASE.jar;D:\mvnRepo\org\springframework\boot\spring-boot-starter-test\2.2.3.RELEASE\spring-boot-starter-test-2.2.3.RELEASE.jar;D:\mvnRepo\org\springframework\boot\spring-boot-test\2.2.3.RELEASE\spring-boot-test-2.2.3.RELEASE.jar;D:\mvnRepo\org\springframework\boot\spring-boot-test-autoconfigure\2.2.3.RELEASE\spring-boot-test-autoconfigure-2.2.3.RELEASE.jar;D:\mvnRepo\com\jayway\jsonpath\json-path\2.4.0\json-path-2.4.0.jar;D:\mvnRepo\net\minidev\json-smart\2.3\json-smart-2.3.jar;D:\mvnRepo\net\minidev\accessors-smart\1.2\accessors-smart-1.2.jar;D:\mvnRepo\org\ow2\asm\asm\5.0.4\asm-5.0.4.jar;D:\mvnRepo\jakarta\xml\bind\jakarta.xml.bind-api\2.3.2\jakarta.xml.bind-api-2.3.2.jar;D:\mvnRepo\jakarta\activation\jakarta.activation-api\1.2.1\jakarta.activation-api-1.2.1.jar;D:\mvnRepo\org\junit\jupiter\junit-jupiter\5.5.2\junit-jupiter-5.5.2.jar;D:\mvnRepo\org\junit\jupiter\junit-jupiter-api\5.5.2\junit-jupiter-api-5.5.2.jar;D:\mvnRepo\org\opentest4j\opentest4j\1.2.0\opentest4j-1.2.0.jar;D:\mvnRepo\org\junit\platform\junit-platform-commons\1.5.2\junit-platform-commons-1.5.2.jar;D:\mvnRepo\org\junit\jupiter\junit-jupiter-params\5.5.2\junit-jupiter-params-5.5.2.jar;D:\mvnRepo\org\junit\jupiter\junit-jupiter-engine\5.5.2\junit-jupiter-engine-5.5.2.jar;D:\mvnRepo\org\junit\vintage\junit-vintage-engine\5.5.2\junit-vintage-engine-5.5.2.jar;D:\mvnRepo\org\apiguardian\apiguardian-api\1.1.0\apiguardian-api-1.1.0.jar;D:\mvnRepo\org\junit\platform\junit-platform-engine\1.5.2\junit-platform-engine-1.5.2.jar;D:\mvnRepo\org\mockito\mockito-junit-jupiter\3.1.0\mockito-junit-jupiter-3.1.0.jar;D:\mvnRepo\org\assertj\assertj-core\3.13.2\assertj-core-3.13.2.jar;D:\mvnRepo\org\hamcrest\hamcrest\2.1\hamcrest-2.1.jar;D:\mvnRepo\org\mockito\mockito-core\3.1.0\mockito-core-3.1.0.jar;D:\mvnRepo\net\bytebuddy\byte-buddy\1.10.6\byte-buddy-1.10.6.jar;D:\mvnRepo\net\bytebuddy\byte-buddy-agent\1.10.6\byte-buddy-agent-1.10.6.jar;D:\mvnRepo\org\objenesis\objenesis\2.6\objenesis-2.6.jar;D:\mvnRepo\org\skyscreamer\jsonassert\1.5.0\jsonassert-1.5.0.jar;D:\mvnRepo\com\vaadin\external\google\android-json\0.0.20131108.vaadin1\android-json-0.0.20131108.vaadin1.jar;D:\mvnRepo\org\springframework\spring-core\5.2.3.RELEASE\spring-core-5.2.3.RELEASE.jar;D:\mvnRepo\org\springframework\spring-jcl\5.2.3.RELEASE\spring-jcl-5.2.3.RELEASE.jar;D:\mvnRepo\org\springframework\spring-test\5.2.3.RELEASE\spring-test-5.2.3.RELEASE.jar;D:\mvnRepo\org\xmlunit\xmlunit-core\2.6.3\xmlunit-core-2.6.3.jar;D:\mvnRepo\junit\junit\4.12\junit-4.12.jar;D:\mvnRepo\org\hamcrest\hamcrest-core\2.1\hamcrest-core-2.1.jar;D:\mvnRepo\com\alibaba\cloud\spring-cloud-alibaba-nacos-discovery\2.2.0.RELEASE\spring-cloud-alibaba-nacos-discovery-2.2.0.RELEASE.jar;D:\mvnRepo\com\alibaba\nacos\nacos-client\1.1.4\nacos-client-1.1.4.jar;D:\mvnRepo\com\alibaba\nacos\nacos-common\1.1.4\nacos-common-1.1.4.jar;D:\mvnRepo\commons-io\commons-io\2.2\commons-io-2.2.jar;D:\mvnRepo\org\apache\commons\commons-lang3\3.9\commons-lang3-3.9.jar;D:\mvnRepo\com\alibaba\nacos\nacos-api\1.1.4\nacos-api-1.1.4.jar;D:\mvnRepo\com\alibaba\fastjson\1.2.58\fastjson-1.2.58.jar;D:\mvnRepo\com\google\guava\guava\28.2-android\guava-28.2-android.jar;D:\mvnRepo\com\google\guava\failureaccess\1.0.1\failureaccess-1.0.1.jar;D:\mvnRepo\com\google\guava\listenablefuture\9999.0-empty-to-avoid-conflict-with-guava\listenablefuture-9999.0-empty-to-avoid-conflict-with-guava.jar;D:\mvnRepo\com\google\code\findbugs\jsr305\3.0.2\jsr305-3.0.2.jar;D:\mvnRepo\org\checkerframework\checker-compat-qual\2.5.5\checker-compat-qual-2.5.5.jar;D:\mvnRepo\com\google\errorprone\error_prone_annotations\2.3.4\error_prone_annotations-2.3.4.jar;D:\mvnRepo\com\google\j2objc\j2objc-annotations\1.3\j2objc-annotations-1.3.jar;D:\mvnRepo\commons-codec\commons-codec\1.13\commons-codec-1.13.jar;D:\mvnRepo\com\fasterxml\jackson\core\jackson-core\2.10.2\jackson-core-2.10.2.jar;D:\mvnRepo\io\prometheus\simpleclient\0.5.0\simpleclient-0.5.0.jar;D:\mvnRepo\com\alibaba\spring\spring-context-support\1.0.5\spring-context-support-1.0.5.jar;D:\mvnRepo\org\springframework\cloud\spring-cloud-commons\2.2.2.RELEASE\spring-cloud-commons-2.2.2.RELEASE.jar;D:\mvnRepo\org\springframework\security\spring-security-crypto\5.2.1.RELEASE\spring-security-crypto-5.2.1.RELEASE.jar;D:\mvnRepo\org\springframework\cloud\spring-cloud-context\2.2.2.RELEASE\spring-cloud-context-2.2.2.RELEASE.jar;D:\mvnRepo\org\springframework\cloud\spring-cloud-starter-netflix-ribbon\2.2.2.RELEASE\spring-cloud-starter-netflix-ribbon-2.2.2.RELEASE.jar;D:\mvnRepo\org\springframework\cloud\spring-cloud-starter\2.2.2.RELEASE\spring-cloud-starter-2.2.2.RELEASE.jar;D:\mvnRepo\org\springframework\security\spring-security-rsa\1.0.9.RELEASE\spring-security-rsa-1.0.9.RELEASE.jar;D:\mvnRepo\org\bouncycastle\bcpkix-jdk15on\1.64\bcpkix-jdk15on-1.64.jar;D:\mvnRepo\org\bouncycastle\bcprov-jdk15on\1.64\bcprov-jdk15on-1.64.jar;D:\mvnRepo\org\springframework\cloud\spring-cloud-netflix-ribbon\2.2.2.RELEASE\spring-cloud-netflix-ribbon-2.2.2.RELEASE.jar;D:\mvnRepo\org\springframework\cloud\spring-cloud-netflix-archaius\2.2.2.RELEASE\spring-cloud-netflix-archaius-2.2.2.RELEASE.jar;D:\mvnRepo\org\springframework\cloud\spring-cloud-starter-netflix-archaius\2.2.2.RELEASE\spring-cloud-starter-netflix-archaius-2.2.2.RELEASE.jar;D:\mvnRepo\com\netflix\archaius\archaius-core\0.7.6\archaius-core-0.7.6.jar;D:\mvnRepo\commons-configuration\commons-configuration\1.8\commons-configuration-1.8.jar;D:\mvnRepo\com\netflix\ribbon\ribbon\2.3.0\ribbon-2.3.0.jar;D:\mvnRepo\com\netflix\ribbon\ribbon-transport\2.3.0\ribbon-transport-2.3.0.jar;D:\mvnRepo\io\reactivex\rxnetty-contexts\0.4.9\rxnetty-contexts-0.4.9.jar;D:\mvnRepo\io\reactivex\rxnetty-servo\0.4.9\rxnetty-servo-0.4.9.jar;D:\mvnRepo\com\netflix\hystrix\hystrix-core\1.5.18\hystrix-core-1.5.18.jar;D:\mvnRepo\org\hdrhistogram\HdrHistogram\2.1.9\HdrHistogram-2.1.9.jar;D:\mvnRepo\javax\inject\javax.inject\1\javax.inject-1.jar;D:\mvnRepo\io\reactivex\rxnetty\0.4.9\rxnetty-0.4.9.jar;D:\mvnRepo\com\netflix\ribbon\ribbon-core\2.3.0\ribbon-core-2.3.0.jar;D:\mvnRepo\commons-lang\commons-lang\2.6\commons-lang-2.6.jar;D:\mvnRepo\com\netflix\ribbon\ribbon-httpclient\2.3.0\ribbon-httpclient-2.3.0.jar;D:\mvnRepo\commons-collections\commons-collections\3.2.2\commons-collections-3.2.2.jar;D:\mvnRepo\org\apache\httpcomponents\httpclient\4.5.10\httpclient-4.5.10.jar;D:\mvnRepo\org\apache\httpcomponents\httpcore\4.4.13\httpcore-4.4.13.jar;D:\mvnRepo\com\sun\jersey\jersey-client\1.19.1\jersey-client-1.19.1.jar;D:\mvnRepo\com\sun\jersey\jersey-core\1.19.1\jersey-core-1.19.1.jar;D:\mvnRepo\javax\ws\rs\jsr311-api\1.1.1\jsr311-api-1.1.1.jar;D:\mvnRepo\com\sun\jersey\contribs\jersey-apache-client4\1.19.1\jersey-apache-client4-1.19.1.jar;D:\mvnRepo\com\netflix\servo\servo-core\0.12.21\servo-core-0.12.21.jar;D:\mvnRepo\com\netflix\netflix-commons\netflix-commons-util\0.3.0\netflix-commons-util-0.3.0.jar;D:\mvnRepo\com\netflix\ribbon\ribbon-loadbalancer\2.3.0\ribbon-loadbalancer-2.3.0.jar;D:\mvnRepo\com\netflix\netflix-commons\netflix-statistics\0.1.1\netflix-statistics-0.1.1.jar;D:\mvnRepo\io\reactivex\rxjava\1.3.8\rxjava-1.3.8.jar;D:\mvnRepo\org\projectlombok\lombok\1.18.10\lombok-1.18.10.jar;"/>
    <property name="java.vm.vendor" value="Oracle Corporation"/>
    <property name="sun.arch.data.model" value="64"/>
    <property name="user.variant" value=""/>
    <property name="java.vendor.url" value="http://java.oracle.com/"/>
    <property name="user.timezone" value="Asia/Shanghai"/>
    <property name="java.vm.specification.version" value="1.8"/>
    <property name="os.name" value="Windows 10"/>
    <property name="user.country" value="CN"/>
    <property name="sun.java.launcher" value="SUN_STANDARD"/>
    <property name="sun.boot.library.path" value="C:\Program Files\Java\jdk1.8.0_251\jre\bin"/>
    <property name="sun.java.command" value="C:\Users\s\AppData\Local\Temp\surefire5174520920532435205\surefirebooter5752825329449667942.jar C:\Users\s\AppData\Local\Temp\surefire5174520920532435205 2020-10-31T08-08-24_583-jvmRun1 surefire6644934123647853845tmp surefire_072529651502883652tmp"/>
    <property name="surefire.test.class.path" value="D:\lsk\workspace\netdisk\auth\target\test-classes;D:\lsk\workspace\netdisk\auth\target\classes;D:\lsk\workspace\netdisk\commons\common-response\target\common-response-1.0-SNAPSHOT.jar;D:\mvnRepo\org\springframework\spring-aspects\5.2.3.RELEASE\spring-aspects-5.2.3.RELEASE.jar;D:\mvnRepo\org\springframework\spring-orm\5.2.3.RELEASE\spring-orm-5.2.3.RELEASE.jar;D:\mvnRepo\org\aspectj\aspectjrt\1.9.5\aspectjrt-1.9.5.jar;D:\mvnRepo\org\aspectj\aspectjweaver\1.9.5\aspectjweaver-1.9.5.jar;D:\mvnRepo\com\google\code\gson\gson\2.8.6\gson-2.8.6.jar;D:\lsk\workspace\netdisk\commons\common-redis\target\common-redis-1.0-SNAPSHOT.jar;D:\mvnRepo\redis\clients\jedis\3.1.0\jedis-3.1.0.jar;D:\mvnRepo\org\slf4j\slf4j-api\1.7.30\slf4j-api-1.7.30.jar;D:\mvnRepo\org\apache\commons\commons-pool2\2.7.0\commons-pool2-2.7.0.jar;D:\mvnRepo\org\springframework\boot\spring-boot-starter-mail\2.2.3.RELEASE\spring-boot-starter-mail-2.2.3.RELEASE.jar;D:\mvnRepo\org\springframework\boot\spring-boot-starter\2.2.3.RELEASE\spring-boot-starter-2.2.3.RELEASE.jar;D:\mvnRepo\org\springframework\boot\spring-boot\2.2.3.RELEASE\spring-boot-2.2.3.RELEASE.jar;D:\mvnRepo\org\springframework\boot\spring-boot-autoconfigure\2.2.3.RELEASE\spring-boot-autoconfigure-2.2.3.RELEASE.jar;D:\mvnRepo\org\springframework\boot\spring-boot-starter-logging\2.2.3.RELEASE\spring-boot-starter-logging-2.2.3.RELEASE.jar;D:\mvnRepo\ch\qos\logback\logback-classic\1.2.3\logback-classic-1.2.3.jar;D:\mvnRepo\ch\qos\logback\logback-core\1.2.3\logback-core-1.2.3.jar;D:\mvnRepo\org\apache\logging\log4j\log4j-to-slf4j\2.12.1\log4j-to-slf4j-2.12.1.jar;D:\mvnRepo\org\apache\logging\log4j\log4j-api\2.12.1\log4j-api-2.12.1.jar;D:\mvnRepo\org\slf4j\jul-to-slf4j\1.7.30\jul-to-slf4j-1.7.30.jar;D:\mvnRepo\jakarta\annotation\jakarta.annotation-api\1.3.5\jakarta.annotation-api-1.3.5.jar;D:\mvnRepo\org\yaml\snakeyaml\1.25\snakeyaml-1.25.jar;D:\mvnRepo\org\springframework\spring-context-support\5.2.3.RELEASE\spring-context-support-5.2.3.RELEASE.jar;D:\mvnRepo\org\springframework\spring-beans\5.2.3.RELEASE\spring-beans-5.2.3.RELEASE.jar;D:\mvnRepo\org\springframework\spring-context\5.2.3.RELEASE\spring-context-5.2.3.RELEASE.jar;D:\mvnRepo\com\sun\mail\jakarta.mail\1.6.4\jakarta.mail-1.6.4.jar;D:\mvnRepo\com\sun\activation\jakarta.activation\1.2.1\jakarta.activation-1.2.1.jar;D:\mvnRepo\mysql\mysql-connector-java\8.0.19\mysql-connector-java-8.0.19.jar;D:\mvnRepo\org\springframework\boot\spring-boot-starter-jdbc\2.2.3.RELEASE\spring-boot-starter-jdbc-2.2.3.RELEASE.jar;D:\mvnRepo\com\zaxxer\HikariCP\3.4.2\HikariCP-3.4.2.jar;D:\mvnRepo\org\springframework\spring-jdbc\5.2.3.RELEASE\spring-jdbc-5.2.3.RELEASE.jar;D:\mvnRepo\org\springframework\spring-tx\5.2.3.RELEASE\spring-tx-5.2.3.RELEASE.jar;D:\mvnRepo\org\mybatis\spring\boot\mybatis-spring-boot-starter\2.1.3\mybatis-spring-boot-starter-2.1.3.jar;D:\mvnRepo\org\mybatis\spring\boot\mybatis-spring-boot-autoconfigure\2.1.3\mybatis-spring-boot-autoconfigure-2.1.3.jar;D:\mvnRepo\org\mybatis\mybatis\3.5.5\mybatis-3.5.5.jar;D:\mvnRepo\org\mybatis\mybatis-spring\2.0.5\mybatis-spring-2.0.5.jar;D:\mvnRepo\org\springframework\boot\spring-boot-starter-web\2.2.3.RELEASE\spring-boot-starter-web-2.2.3.RELEASE.jar;D:\mvnRepo\org\springframework\boot\spring-boot-starter-json\2.2.3.RELEASE\spring-boot-starter-json-2.2.3.RELEASE.jar;D:\mvnRepo\com\fasterxml\jackson\core\jackson-databind\2.10.2\jackson-databind-2.10.2.jar;D:\mvnRepo\com\fasterxml\jackson\core\jackson-annotations\2.10.2\jackson-annotations-2.10.2.jar;D:\mvnRepo\com\fasterxml\jackson\datatype\jackson-datatype-jdk8\2.10.2\jackson-datatype-jdk8-2.10.2.jar;D:\mvnRepo\com\fasterxml\jackson\datatype\jackson-datatype-jsr310\2.10.2\jackson-datatype-jsr310-2.10.2.jar;D:\mvnRepo\com\fasterxml\jackson\module\jackson-module-parameter-names\2.10.2\jackson-module-parameter-names-2.10.2.jar;D:\mvnRepo\org\springframework\boot\spring-boot-starter-tomcat\2.2.3.RELEASE\spring-boot-starter-tomcat-2.2.3.RELEASE.jar;D:\mvnRepo\org\apache\tomcat\embed\tomcat-embed-core\9.0.30\tomcat-embed-core-9.0.30.jar;D:\mvnRepo\org\apache\tomcat\embed\tomcat-embed-el\9.0.30\tomcat-embed-el-9.0.30.jar;D:\mvnRepo\org\apache\tomcat\embed\tomcat-embed-websocket\9.0.30\tomcat-embed-websocket-9.0.30.jar;D:\mvnRepo\org\springframework\boot\spring-boot-starter-validation\2.2.3.RELEASE\spring-boot-starter-validation-2.2.3.RELEASE.jar;D:\mvnRepo\jakarta\validation\jakarta.validation-api\2.0.2\jakarta.validation-api-2.0.2.jar;D:\mvnRepo\org\hibernate\validator\hibernate-validator\6.0.18.Final\hibernate-validator-6.0.18.Final.jar;D:\mvnRepo\org\jboss\logging\jboss-logging\3.4.1.Final\jboss-logging-3.4.1.Final.jar;D:\mvnRepo\com\fasterxml\classmate\1.5.1\classmate-1.5.1.jar;D:\mvnRepo\org\springframework\spring-web\5.2.3.RELEASE\spring-web-5.2.3.RELEASE.jar;D:\mvnRepo\org\springframework\spring-webmvc\5.2.3.RELEASE\spring-webmvc-5.2.3.RELEASE.jar;D:\mvnRepo\org\springframework\spring-aop\5.2.3.RELEASE\spring-aop-5.2.3.RELEASE.jar;D:\mvnRepo\org\springframework\spring-expression\5.2.3.RELEASE\spring-expression-5.2.3.RELEASE.jar;D:\mvnRepo\org\springframework\boot\spring-boot-starter-test\2.2.3.RELEASE\spring-boot-starter-test-2.2.3.RELEASE.jar;D:\mvnRepo\org\springframework\boot\spring-boot-test\2.2.3.RELEASE\spring-boot-test-2.2.3.RELEASE.jar;D:\mvnRepo\org\springframework\boot\spring-boot-test-autoconfigure\2.2.3.RELEASE\spring-boot-test-autoconfigure-2.2.3.RELEASE.jar;D:\mvnRepo\com\jayway\jsonpath\json-path\2.4.0\json-path-2.4.0.jar;D:\mvnRepo\net\minidev\json-smart\2.3\json-smart-2.3.jar;D:\mvnRepo\net\minidev\accessors-smart\1.2\accessors-smart-1.2.jar;D:\mvnRepo\org\ow2\asm\asm\5.0.4\asm-5.0.4.jar;D:\mvnRepo\jakarta\xml\bind\jakarta.xml.bind-api\2.3.2\jakarta.xml.bind-api-2.3.2.jar;D:\mvnRepo\jakarta\activation\jakarta.activation-api\1.2.1\jakarta.activation-api-1.2.1.jar;D:\mvnRepo\org\junit\jupiter\junit-jupiter\5.5.2\junit-jupiter-5.5.2.jar;D:\mvnRepo\org\junit\jupiter\junit-jupiter-api\5.5.2\junit-jupiter-api-5.5.2.jar;D:\mvnRepo\org\opentest4j\opentest4j\1.2.0\opentest4j-1.2.0.jar;D:\mvnRepo\org\junit\platform\junit-platform-commons\1.5.2\junit-platform-commons-1.5.2.jar;D:\mvnRepo\org\junit\jupiter\junit-jupiter-params\5.5.2\junit-jupiter-params-5.5.2.jar;D:\mvnRepo\org\junit\jupiter\junit-jupiter-engine\5.5.2\junit-jupiter-engine-5.5.2.jar;D:\mvnRepo\org\junit\vintage\junit-vintage-engine\5.5.2\junit-vintage-engine-5.5.2.jar;D:\mvnRepo\org\apiguardian\apiguardian-api\1.1.0\apiguardian-api-1.1.0.jar;D:\mvnRepo\org\junit\platform\junit-platform-engine\1.5.2\junit-platform-engine-1.5.2.jar;D:\mvnRepo\org\mockito\mockito-junit-jupiter\3.1.0\mockito-junit-jupiter-3.1.0.jar;D:\mvnRepo\org\assertj\assertj-core\3.13.2\assertj-core-3.13.2.jar;D:\mvnRepo\org\hamcrest\hamcrest\2.1\hamcrest-2.1.jar;D:\mvnRepo\org\mockito\mockito-core\3.1.0\mockito-core-3.1.0.jar;D:\mvnRepo\net\bytebuddy\byte-buddy\1.10.6\byte-buddy-1.10.6.jar;D:\mvnRepo\net\bytebuddy\byte-buddy-agent\1.10.6\byte-buddy-agent-1.10.6.jar;D:\mvnRepo\org\objenesis\objenesis\2.6\objenesis-2.6.jar;D:\mvnRepo\org\skyscreamer\jsonassert\1.5.0\jsonassert-1.5.0.jar;D:\mvnRepo\com\vaadin\external\google\android-json\0.0.20131108.vaadin1\android-json-0.0.20131108.vaadin1.jar;D:\mvnRepo\org\springframework\spring-core\5.2.3.RELEASE\spring-core-5.2.3.RELEASE.jar;D:\mvnRepo\org\springframework\spring-jcl\5.2.3.RELEASE\spring-jcl-5.2.3.RELEASE.jar;D:\mvnRepo\org\springframework\spring-test\5.2.3.RELEASE\spring-test-5.2.3.RELEASE.jar;D:\mvnRepo\org\xmlunit\xmlunit-core\2.6.3\xmlunit-core-2.6.3.jar;D:\mvnRepo\junit\junit\4.12\junit-4.12.jar;D:\mvnRepo\org\hamcrest\hamcrest-core\2.1\hamcrest-core-2.1.jar;D:\mvnRepo\com\alibaba\cloud\spring-cloud-alibaba-nacos-discovery\2.2.0.RELEASE\spring-cloud-alibaba-nacos-discovery-2.2.0.RELEASE.jar;D:\mvnRepo\com\alibaba\nacos\nacos-client\1.1.4\nacos-client-1.1.4.jar;D:\mvnRepo\com\alibaba\nacos\nacos-common\1.1.4\nacos-common-1.1.4.jar;D:\mvnRepo\commons-io\commons-io\2.2\commons-io-2.2.jar;D:\mvnRepo\org\apache\commons\commons-lang3\3.9\commons-lang3-3.9.jar;D:\mvnRepo\com\alibaba\nacos\nacos-api\1.1.4\nacos-api-1.1.4.jar;D:\mvnRepo\com\alibaba\fastjson\1.2.58\fastjson-1.2.58.jar;D:\mvnRepo\com\google\guava\guava\28.2-android\guava-28.2-android.jar;D:\mvnRepo\com\google\guava\failureaccess\1.0.1\failureaccess-1.0.1.jar;D:\mvnRepo\com\google\guava\listenablefuture\9999.0-empty-to-avoid-conflict-with-guava\listenablefuture-9999.0-empty-to-avoid-conflict-with-guava.jar;D:\mvnRepo\com\google\code\findbugs\jsr305\3.0.2\jsr305-3.0.2.jar;D:\mvnRepo\org\checkerframework\checker-compat-qual\2.5.5\checker-compat-qual-2.5.5.jar;D:\mvnRepo\com\google\errorprone\error_prone_annotations\2.3.4\error_prone_annotations-2.3.4.jar;D:\mvnRepo\com\google\j2objc\j2objc-annotations\1.3\j2objc-annotations-1.3.jar;D:\mvnRepo\commons-codec\commons-codec\1.13\commons-codec-1.13.jar;D:\mvnRepo\com\fasterxml\jackson\core\jackson-core\2.10.2\jackson-core-2.10.2.jar;D:\mvnRepo\io\prometheus\simpleclient\0.5.0\simpleclient-0.5.0.jar;D:\mvnRepo\com\alibaba\spring\spring-context-support\1.0.5\spring-context-support-1.0.5.jar;D:\mvnRepo\org\springframework\cloud\spring-cloud-commons\2.2.2.RELEASE\spring-cloud-commons-2.2.2.RELEASE.jar;D:\mvnRepo\org\springframework\security\spring-security-crypto\5.2.1.RELEASE\spring-security-crypto-5.2.1.RELEASE.jar;D:\mvnRepo\org\springframework\cloud\spring-cloud-context\2.2.2.RELEASE\spring-cloud-context-2.2.2.RELEASE.jar;D:\mvnRepo\org\springframework\cloud\spring-cloud-starter-netflix-ribbon\2.2.2.RELEASE\spring-cloud-starter-netflix-ribbon-2.2.2.RELEASE.jar;D:\mvnRepo\org\springframework\cloud\spring-cloud-starter\2.2.2.RELEASE\spring-cloud-starter-2.2.2.RELEASE.jar;D:\mvnRepo\org\springframework\security\spring-security-rsa\1.0.9.RELEASE\spring-security-rsa-1.0.9.RELEASE.jar;D:\mvnRepo\org\bouncycastle\bcpkix-jdk15on\1.64\bcpkix-jdk15on-1.64.jar;D:\mvnRepo\org\bouncycastle\bcprov-jdk15on\1.64\bcprov-jdk15on-1.64.jar;D:\mvnRepo\org\springframework\cloud\spring-cloud-netflix-ribbon\2.2.2.RELEASE\spring-cloud-netflix-ribbon-2.2.2.RELEASE.jar;D:\mvnRepo\org\springframework\cloud\spring-cloud-netflix-archaius\2.2.2.RELEASE\spring-cloud-netflix-archaius-2.2.2.RELEASE.jar;D:\mvnRepo\org\springframework\cloud\spring-cloud-starter-netflix-archaius\2.2.2.RELEASE\spring-cloud-starter-netflix-archaius-2.2.2.RELEASE.jar;D:\mvnRepo\com\netflix\archaius\archaius-core\0.7.6\archaius-core-0.7.6.jar;D:\mvnRepo\commons-configuration\commons-configuration\1.8\commons-configuration-1.8.jar;D:\mvnRepo\com\netflix\ribbon\ribbon\2.3.0\ribbon-2.3.0.jar;D:\mvnRepo\com\netflix\ribbon\ribbon-transport\2.3.0\ribbon-transport-2.3.0.jar;D:\mvnRepo\io\reactivex\rxnetty-contexts\0.4.9\rxnetty-contexts-0.4.9.jar;D:\mvnRepo\io\reactivex\rxnetty-servo\0.4.9\rxnetty-servo-0.4.9.jar;D:\mvnRepo\com\netflix\hystrix\hystrix-core\1.5.18\hystrix-core-1.5.18.jar;D:\mvnRepo\org\hdrhistogram\HdrHistogram\2.1.9\HdrHistogram-2.1.9.jar;D:\mvnRepo\javax\inject\javax.inject\1\javax.inject-1.jar;D:\mvnRepo\io\reactivex\rxnetty\0.4.9\rxnetty-0.4.9.jar;D:\mvnRepo\com\netflix\ribbon\ribbon-core\2.3.0\ribbon-core-2.3.0.jar;D:\mvnRepo\commons-lang\commons-lang\2.6\commons-lang-2.6.jar;D:\mvnRepo\com\netflix\ribbon\ribbon-httpclient\2.3.0\ribbon-httpclient-2.3.0.jar;D:\mvnRepo\commons-collections\commons-collections\3.2.2\commons-collections-3.2.2.jar;D:\mvnRepo\org\apache\httpcomponents\httpclient\4.5.10\httpclient-4.5.10.jar;D:\mvnRepo\org\apache\httpcomponents\httpcore\4.4.13\httpcore-4.4.13.jar;D:\mvnRepo\com\sun\jersey\jersey-client\1.19.1\jersey-client-1.19.1.jar;D:\mvnRepo\com\sun\jersey\jersey-core\1.19.1\jersey-core-1.19.1.jar;D:\mvnRepo\javax\ws\rs\jsr311-api\1.1.1\jsr311-api-1.1.1.jar;D:\mvnRepo\com\sun\jersey\contribs\jersey-apache-client4\1.19.1\jersey-apache-client4-1.19.1.jar;D:\mvnRepo\com\netflix\servo\servo-core\0.12.21\servo-core-0.12.21.jar;D:\mvnRepo\com\netflix\netflix-commons\netflix-commons-util\0.3.0\netflix-commons-util-0.3.0.jar;D:\mvnRepo\com\netflix\ribbon\ribbon-loadbalancer\2.3.0\ribbon-loadbalancer-2.3.0.jar;D:\mvnRepo\com\netflix\netflix-commons\netflix-statistics\0.1.1\netflix-statistics-0.1.1.jar;D:\mvnRepo\io\reactivex\rxjava\1.3.8\rxjava-1.3.8.jar;D:\mvnRepo\org\projectlombok\lombok\1.18.10\lombok-1.18.10.jar;"/>
    <property name="sun.cpu.endian" value="little"/>
    <property name="user.home" value="C:\Users\s"/>
    <property name="user.language" value="zh"/>
    <property name="java.specification.vendor" value="Oracle Corporation"/>
    <property name="java.home" value="C:\Program Files\Java\jdk1.8.0_251\jre"/>
    <property name="basedir" value="D:\lsk\workspace\netdisk\auth"/>
    <property name="file.separator" value="\"/>
    <property name="line.separator" value="&#10;"/>
    <property name="java.vm.specification.vendor" value="Oracle Corporation"/>
    <property name="java.specification.name" value="Java Platform API Specification"/>
    <property name="java.awt.graphicsenv" value="sun.awt.Win32GraphicsEnvironment"/>
    <property name="surefire.real.class.path" value="C:\Users\s\AppData\Local\Temp\surefire5174520920532435205\surefirebooter5752825329449667942.jar"/>
    <property name="sun.boot.class.path" value="C:\Program Files\Java\jdk1.8.0_251\jre\lib\resources.jar;C:\Program Files\Java\jdk1.8.0_251\jre\lib\rt.jar;C:\Program Files\Java\jdk1.8.0_251\jre\lib\sunrsasign.jar;C:\Program Files\Java\jdk1.8.0_251\jre\lib\jsse.jar;C:\Program Files\Java\jdk1.8.0_251\jre\lib\jce.jar;C:\Program Files\Java\jdk1.8.0_251\jre\lib\charsets.jar;C:\Program Files\Java\jdk1.8.0_251\jre\lib\jfr.jar;C:\Program Files\Java\jdk1.8.0_251\jre\classes"/>
    <property name="user.script" value=""/>
    <property name="sun.management.compiler" value="HotSpot 64-Bit Tiered Compilers"/>
    <property name="java.runtime.version" value="1.8.0_251-b08"/>
    <property name="user.name" value="s"/>
    <property name="skip.tests" value="true"/>
    <property name="path.separator" value=";"/>
    <property name="os.version" value="10.0"/>
    <property name="java.endorsed.dirs" value="C:\Program Files\Java\jdk1.8.0_251\jre\lib\endorsed"/>
    <property name="java.runtime.name" value="Java(TM) SE Runtime Environment"/>
    <property name="file.encoding" value="GBK"/>
    <property name="java.vm.name" value="Java HotSpot(TM) 64-Bit Server VM"/>
    <property name="localRepository" value="D:\mvnRepo"/>
    <property name="java.vendor.url.bug" value="http://bugreport.sun.com/bugreport/"/>
    <property name="java.io.tmpdir" value="C:\Users\s\AppData\Local\Temp\"/>
    <property name="java.version" value="1.8.0_251"/>
    <property name="user.dir" value="D:\lsk\workspace\netdisk\auth"/>
    <property name="os.arch" value="amd64"/>
    <property name="java.vm.specification.name" value="Java Virtual Machine Specification"/>
    <property name="java.awt.printerjob" value="sun.awt.windows.WPrinterJob"/>
    <property name="sun.os.patch.level" value=""/>
    <property name="java.library.path" value="C:\Program Files\Java\jdk1.8.0_251\jre\bin;C:\WINDOWS\Sun\Java\bin;C:\WINDOWS\system32;C:\WINDOWS;C:\Program Files\NVIDIA GPU Computing Toolkit\CUDA\v11.0\bin;C:\Program Files\NVIDIA GPU Computing Toolkit\CUDA\v11.0\libnvvp;D:\mvs\新建文件夹\Python36_64\Scripts\;D:\mvs\新建文件夹\Python36_64\;C:\Program Files (x86)\Common Files\Oracle\Java\javapath;C:\WINDOWS\system32;C:\WINDOWS;C:\WINDOWS\System32\Wbem;C:\WINDOWS\System32\WindowsPowerShell\v1.0\;C:\Program Files (x86)\Java\jdk1.7.0_45\bin;C:\WINDOWS\System32\OpenSSH\;C:\Users\s\AppData\Local\Programs\Python\Python37-32\Scripts\;C:\Users\s\AppData\Local\Programs\Python\Python37-32\;C:\Users\s\AppData\Local\Microsoft\WindowsApps;c:\es\work;C:\Program Files\MySQL\MySQL Utilities 1.6\;C:\Program Files (x86)\IVI Foundation\VISA\WinNT\Bin;C:\Program Files\Intel\WiFi\bin\;C:\Program Files\Common Files\Intel\WirelessCommon\;C:\WINDOWS\system32;C:\WINDOWS;C:\WINDOWS\System32\Wbem;C:\WINDOWS\System32\WindowsPowerShell\v1.0\;C:\WINDOWS\System32\OpenSSH\;C:\Program Files\CMake\bin;C:\Program Files\dotnet\;C:\Program Files\Microsoft SQL Server\130\Tools\Binn\;D:\apache-maven-3.6.3-bin\apache-maven-3.6.3\bin;C:\Program Files\Git\cmd;C:\Program Files (x86)\PuTTY\;c:\Program Files (x86)\Intel\Intel(R) Management Engine Components\DAL;c:\Program Files\Intel\Intel(R) Management Engine Components\DAL;C:\Program Files\NVIDIA Corporation\Nsight Compute 2020.1.1\;C:\Program Files (x86)\NVIDIA Corporation\PhysX\Common;C:\Program Files\NVIDIA Corporation\NVIDIA NvDLISR;C:\Program Files (x86)\ZeroTier\One\;D:\mvs\core\VC\Tools\MSVC\14.16.27023\bin\Hostx64\x64;C:\Users\s\scoop\shims;C:\Users\s\AppData\Local\Programs\Python\Python37-32\Scripts\;C:\Users\s\AppData\Local\Programs\Python\Python37-32\;C:\Users\s\AppData\Local\Microsoft\WindowsApps;;C:\Users\s\AppData\Local\Programs\Microsoft VS Code\bin;."/>
    <property name="java.vm.info" value="mixed mode"/>
    <property name="java.vendor" value="Oracle Corporation"/>
    <property name="java.vm.version" value="25.251-b08"/>
    <property name="java.ext.dirs" value="C:\Program Files\Java\jdk1.8.0_251\jre\lib\ext;C:\WINDOWS\Sun\Java\lib\ext"/>
    <property name="sun.io.unicode.encoding" value="UnicodeLittle"/>
    <property name="java.class.version" value="52.0"/>
  </properties>
  <testcase name="initializationError" classname="com.lsk.netdisk.auth.tests.EmailTest" time="0.002">
    <error message="No runnable methods" type="java.lang.Exception">java.lang.Exception: No runnable methods
</error>
  </testcase>
</testsuite>